<?xml version="1.0" encoding="UTF-8"?>
<!-- Generated by org.testng.reporters.JUnitReportReporter -->
<testsuite hostname="LAPTOP-L05GNA69" failures="0" tests="1" name="Checkbox" time="5.527" errors="0" timestamp="2025-01-18T04:30:48 IST" skipped="0">
  <testcase classname="Checkbox" name="checkBoxClick" time="5.527"/>
</testsuite> <!-- Checkbox -->
